Temp/gradleOut/launcher/build/intermediates/manifest_merge_blame_file/release/manifest-merger-blame-release-report.txt
1<?xml version="1.0" encoding="utf-8"?>
2<!-- GENERATED BY UNITY. REMOVE THIS COMMENT TO PREVENT OVERWRITING WHEN EXPORTING AGAIN -->
3<manifest xmlns:android="http://schemas.android.com/apk/res/android"
4    package="com.lightningdrago.chintujump"
5    android:installLocation="preferExternal"
6    android:versionCode="1"
7    android:versionName="1.0" >
8
9    <uses-sdk
10        android:minSdkVersion="19"
10-->src/main/AndroidManifest.xml
11        android:targetSdkVersion="29" />
11-->src/main/AndroidManifest.xml
12
13    <supports-screens
13-->src/main/AndroidManifest.xml:4:3-163
14        android:anyDensity="true"
14-->src/main/AndroidManifest.xml:4:135-160
15        android:largeScreens="true"
15-->src/main/AndroidManifest.xml:4:78-105
16        android:normalScreens="true"
16-->src/main/AndroidManifest.xml:4:49-77
17        android:smallScreens="true"
17-->src/main/AndroidManifest.xml:4:21-48
18        android:xlargeScreens="true" />
18-->src/main/AndroidManifest.xml:4:106-134
19
20    <uses-feature android:glEsVersion="0x00020000" />
20-->[:unityLibrary] AndroidManifest.xml:13:5-54
20-->[:unityLibrary] AndroidManifest.xml:13:19-51
21
22    <uses-permission android:name="android.permission.INTERNET" />
22-->[:unityLibrary] AndroidManifest.xml:15:5-67
22-->[:unityLibrary] AndroidManifest.xml:15:22-64
23
24    <uses-feature
24-->[:unityLibrary] AndroidManifest.xml:17:5-19:36
25        android:name="android.hardware.sensor.accelerometer"
25-->[:unityLibrary] AndroidManifest.xml:18:9-61
26        android:required="false" />
26-->[:unityLibrary] AndroidManifest.xml:19:9-33
27    <uses-feature
27-->[:unityLibrary] AndroidManifest.xml:20:5-22:36
28        android:name="android.hardware.touchscreen"
28-->[:unityLibrary] AndroidManifest.xml:21:9-52
29        android:required="false" />
29-->[:unityLibrary] AndroidManifest.xml:22:9-33
30    <uses-feature
30-->[:unityLibrary] AndroidManifest.xml:23:5-25:36
31        android:name="android.hardware.touchscreen.multitouch"
31-->[:unityLibrary] AndroidManifest.xml:24:9-63
32        android:required="false" />
32-->[:unityLibrary] AndroidManifest.xml:25:9-33
33    <uses-feature
33-->[:unityLibrary] AndroidManifest.xml:26:5-28:36
34        android:name="android.hardware.touchscreen.multitouch.distinct"
34-->[:unityLibrary] AndroidManifest.xml:27:9-72
35        android:required="false" />
35-->[:unityLibrary] AndroidManifest.xml:28:9-33
36
37    <uses-permission android:name="android.permission.WRITE_EXTERNAL_STORAGE" />
38    <uses-permission android:name="android.permission.READ_PHONE_STATE" />
39    <uses-permission android:name="android.permission.READ_EXTERNAL_STORAGE" />
40    <uses-permission android:name="android.permission.ACCESS_NETWORK_STATE" /> <!-- Android package visibility setting -->
40-->[com.google.android.gms:play-services-ads-lite:20.0.0] AndroidManifest.xml:24:5-79
40-->[com.google.android.gms:play-services-ads-lite:20.0.0] AndroidManifest.xml:24:22-76
41    <queries>
41-->[com.google.android.gms:play-services-ads-lite:20.0.0] AndroidManifest.xml:27:5-43:15
42
43        <!-- For browser content -->
44        <intent>
44-->[com.google.android.gms:play-services-ads-lite:20.0.0] AndroidManifest.xml:30:9-36:18
45            <action android:name="android.intent.action.VIEW" />
45-->[com.google.android.gms:play-services-ads-lite:20.0.0] AndroidManifest.xml:31:13-65
45-->[com.google.android.gms:play-services-ads-lite:20.0.0] AndroidManifest.xml:31:21-62
46
47            <category android:name="android.intent.category.BROWSABLE" />
47-->[com.google.android.gms:play-services-ads-lite:20.0.0] AndroidManifest.xml:33:13-74
47-->[com.google.android.gms:play-services-ads-lite:20.0.0] AndroidManifest.xml:33:23-71
48
49            <data android:scheme="https" />
49-->[com.google.android.gms:play-services-ads-lite:20.0.0] AndroidManifest.xml:35:13-44
49-->[com.google.android.gms:play-services-ads-lite:20.0.0] AndroidManifest.xml:35:19-41
50        </intent>
51        <!-- End of browser content -->
52        <!-- For CustomTabsService -->
53        <intent>
53-->[com.google.android.gms:play-services-ads-lite:20.0.0] AndroidManifest.xml:30:9-36:18
54            <action android:name="android.support.customtabs.action.CustomTabsService" />
55        </intent>
56        <!-- End of CustomTabsService -->
57    </queries>
58
59    <uses-permission android:name="android.permission.WAKE_LOCK" />
59-->[com.google.android.gms:play-services-measurement-sdk-api:18.0.0] AndroidManifest.xml:25:5-68
59-->[com.google.android.gms:play-services-measurement-sdk-api:18.0.0] AndroidManifest.xml:25:22-65
60    <uses-permission android:name="android.permission.RECEIVE_BOOT_COMPLETED" />
60-->[androidx.work:work-runtime:2.1.0] AndroidManifest.xml:27:5-81
60-->[androidx.work:work-runtime:2.1.0] AndroidManifest.xml:27:22-78
61
62    <application
62-->src/main/AndroidManifest.xml:5:3-121
63        android:appComponentFactory="androidx.core.app.CoreComponentFactory"
63-->[androidx.core:core:1.2.0] AndroidManifest.xml:24:18-86
64        android:banner="@drawable/app_banner"
64-->src/main/AndroidManifest.xml:5:81-118
65        android:icon="@mipmap/app_icon"
65-->src/main/AndroidManifest.xml:5:49-80
66        android:isGame="true"
66-->[:unityLibrary] AndroidManifest.xml:30:18-39
67        android:label="@string/app_name" >
67-->src/main/AndroidManifest.xml:5:16-48
68        <activity
68-->[:unityLibrary] AndroidManifest.xml:31:9-48:20
69            android:name="com.unity3d.player.UnityPlayerActivity"
69-->[:unityLibrary] AndroidManifest.xml:32:13-66
70            android:configChanges="mcc|mnc|locale|touchscreen|keyboard|keyboardHidden|navigation|orientation|screenLayout|uiMode|screenSize|smallestScreenSize|fontScale|layoutDirection|density"
70-->[:unityLibrary] AndroidManifest.xml:33:13-194
71            android:hardwareAccelerated="false"
71-->[:unityLibrary] AndroidManifest.xml:34:13-48
72            android:launchMode="singleTask"
72-->[:unityLibrary] AndroidManifest.xml:35:13-44
73            android:screenOrientation="sensorLandscape"
73-->[:unityLibrary] AndroidManifest.xml:36:13-56
74            android:theme="@style/UnityThemeSelector" >
74-->[:unityLibrary] AndroidManifest.xml:37:13-54
75            <intent-filter>
75-->[:unityLibrary] AndroidManifest.xml:38:13-43:29
76                <action android:name="android.intent.action.MAIN" />
76-->[:unityLibrary] AndroidManifest.xml:39:17-69
76-->[:unityLibrary] AndroidManifest.xml:39:25-66
77
78                <category android:name="android.intent.category.LAUNCHER" />
78-->[:unityLibrary] AndroidManifest.xml:41:17-77
78-->[:unityLibrary] AndroidManifest.xml:41:27-74
79                <category android:name="android.intent.category.LEANBACK_LAUNCHER" />
79-->[:unityLibrary] AndroidManifest.xml:42:17-86
79-->[:unityLibrary] AndroidManifest.xml:42:27-83
80            </intent-filter>
81
82            <meta-data
82-->[:unityLibrary] AndroidManifest.xml:45:13-47:40
83                android:name="unityplayer.UnityActivity"
83-->[:unityLibrary] AndroidManifest.xml:46:17-57
84                android:value="true" />
84-->[:unityLibrary] AndroidManifest.xml:47:17-37
85        </activity>
86
87        <meta-data
87-->[:unityLibrary] AndroidManifest.xml:50:9-52:33
88            android:name="unity.splash-mode"
88-->[:unityLibrary] AndroidManifest.xml:51:13-45
89            android:value="0" />
89-->[:unityLibrary] AndroidManifest.xml:52:13-30
90        <meta-data
90-->[:unityLibrary] AndroidManifest.xml:53:9-55:36
91            android:name="unity.splash-enable"
91-->[:unityLibrary] AndroidManifest.xml:54:13-47
92            android:value="True" />
92-->[:unityLibrary] AndroidManifest.xml:55:13-33
93        <meta-data
93-->[:unityLibrary] AndroidManifest.xml:56:9-58:68
94            android:name="unity.build-id"
94-->[:unityLibrary] AndroidManifest.xml:57:13-42
95            android:value="321adeff-f996-4548-920d-ad207c7d7334" />
95-->[:unityLibrary] AndroidManifest.xml:58:13-65
96
97        <uses-library
97-->[:unityLibrary:GoogleMobileAdsPlugin.androidlib] AndroidManifest.xml:10:9-12:40
98            android:name="org.apache.http.legacy"
98-->[:unityLibrary:GoogleMobileAdsPlugin.androidlib] AndroidManifest.xml:11:13-50
99            android:required="false" />
99-->[:unityLibrary:GoogleMobileAdsPlugin.androidlib] AndroidManifest.xml:12:13-37
100
101        <meta-data
101-->[:unityLibrary:GoogleMobileAdsPlugin.androidlib] AndroidManifest.xml:14:9-16:70
102            android:name="com.google.android.gms.ads.APPLICATION_ID"
102-->[:unityLibrary:GoogleMobileAdsPlugin.androidlib] AndroidManifest.xml:15:13-69
103            android:value="ca-app-pub-5428825449568419~5474031146" /> <!-- Include the AdActivity and InAppPurchaseActivity configChanges and themes. -->
103-->[:unityLibrary:GoogleMobileAdsPlugin.androidlib] AndroidManifest.xml:16:13-67
104        <activity
104-->[com.google.android.gms:play-services-ads-lite:20.0.0] AndroidManifest.xml:48:9-52:64
105            android:name="com.google.android.gms.ads.AdActivity"
105-->[com.google.android.gms:play-services-ads-lite:20.0.0] AndroidManifest.xml:49:13-65
106            android:configChanges="keyboard|keyboardHidden|orientation|screenLayout|uiMode|screenSize|smallestScreenSize"
106-->[com.google.android.gms:play-services-ads-lite:20.0.0] AndroidManifest.xml:50:13-122
107            android:exported="false"
107-->[com.google.android.gms:play-services-ads-lite:20.0.0] AndroidManifest.xml:51:13-37
108            android:theme="@android:style/Theme.Translucent" />
108-->[com.google.android.gms:play-services-ads-lite:20.0.0] AndroidManifest.xml:52:13-61
109
110        <provider
110-->[com.google.android.gms:play-services-ads-lite:20.0.0] AndroidManifest.xml:54:9-58:39
111            android:name="com.google.android.gms.ads.MobileAdsInitProvider"
111-->[com.google.android.gms:play-services-ads-lite:20.0.0] AndroidManifest.xml:55:13-76
112            android:authorities="com.lightningdrago.chintujump.mobileadsinitprovider"
112-->[com.google.android.gms:play-services-ads-lite:20.0.0] AndroidManifest.xml:56:13-73
113            android:exported="false"
113-->[com.google.android.gms:play-services-ads-lite:20.0.0] AndroidManifest.xml:57:13-37
114            android:initOrder="100" />
114-->[com.google.android.gms:play-services-ads-lite:20.0.0] AndroidManifest.xml:58:13-36
115
116        <service
116-->[com.google.android.gms:play-services-ads-lite:20.0.0] AndroidManifest.xml:60:9-63:40
117            android:name="com.google.android.gms.ads.AdService"
117-->[com.google.android.gms:play-services-ads-lite:20.0.0] AndroidManifest.xml:61:13-64
118            android:enabled="true"
118-->[com.google.android.gms:play-services-ads-lite:20.0.0] AndroidManifest.xml:62:13-35
119            android:exported="false" />
119-->[com.google.android.gms:play-services-ads-lite:20.0.0] AndroidManifest.xml:63:13-37
120
121        <meta-data
121-->[com.google.android.gms:play-services-basement:17.6.0] AndroidManifest.xml:23:9-25:69
122            android:name="com.google.android.gms.version"
122-->[com.google.android.gms:play-services-basement:17.6.0] AndroidManifest.xml:24:13-58
123            android:value="@integer/google_play_services_version" />
123-->[com.google.android.gms:play-services-basement:17.6.0] AndroidManifest.xml:25:13-66
124
125        <provider
125-->[androidx.work:work-runtime:2.1.0] AndroidManifest.xml:30:9-36:35
126            android:name="androidx.work.impl.WorkManagerInitializer"
126-->[androidx.work:work-runtime:2.1.0] AndroidManifest.xml:31:13-69
127            android:authorities="com.lightningdrago.chintujump.workmanager-init"
127-->[androidx.work:work-runtime:2.1.0] AndroidManifest.xml:32:13-68
128            android:directBootAware="false"
128-->[androidx.work:work-runtime:2.1.0] AndroidManifest.xml:33:13-44
129            android:exported="false"
129-->[androidx.work:work-runtime:2.1.0] AndroidManifest.xml:34:13-37
130            android:multiprocess="true" />
130-->[androidx.work:work-runtime:2.1.0] AndroidManifest.xml:35:13-40
131
132        <service
132-->[androidx.work:work-runtime:2.1.0] AndroidManifest.xml:38:9-43:35
133            android:name="androidx.work.impl.background.systemalarm.SystemAlarmService"
133-->[androidx.work:work-runtime:2.1.0] AndroidManifest.xml:39:13-88
134            android:directBootAware="false"
134-->[androidx.work:work-runtime:2.1.0] AndroidManifest.xml:40:13-44
135            android:enabled="@bool/enable_system_alarm_service_default"
135-->[androidx.work:work-runtime:2.1.0] AndroidManifest.xml:41:13-72
136            android:exported="false" />
136-->[androidx.work:work-runtime:2.1.0] AndroidManifest.xml:42:13-37
137        <service
137-->[androidx.work:work-runtime:2.1.0] AndroidManifest.xml:44:9-50:35
138            android:name="androidx.work.impl.background.systemjob.SystemJobService"
138-->[androidx.work:work-runtime:2.1.0] AndroidManifest.xml:45:13-84
139            android:directBootAware="false"
139-->[androidx.work:work-runtime:2.1.0] AndroidManifest.xml:46:13-44
140            android:enabled="@bool/enable_system_job_service_default"
140-->[androidx.work:work-runtime:2.1.0] AndroidManifest.xml:47:13-70
141            android:exported="true"
141-->[androidx.work:work-runtime:2.1.0] AndroidManifest.xml:48:13-36
142            android:permission="android.permission.BIND_JOB_SERVICE" />
142-->[androidx.work:work-runtime:2.1.0] AndroidManifest.xml:49:13-69
143
144        <receiver
144-->[androidx.work:work-runtime:2.1.0] AndroidManifest.xml:52:9-57:35
145            android:name="androidx.work.impl.utils.ForceStopRunnable$BroadcastReceiver"
145-->[androidx.work:work-runtime:2.1.0] AndroidManifest.xml:53:13-88
146            android:directBootAware="false"
146-->[androidx.work:work-runtime:2.1.0] AndroidManifest.xml:54:13-44
147            android:enabled="true"
147-->[androidx.work:work-runtime:2.1.0] AndroidManifest.xml:55:13-35
148            android:exported="false" />
148-->[androidx.work:work-runtime:2.1.0] AndroidManifest.xml:56:13-37
149        <receiver
149-->[androidx.work:work-runtime:2.1.0] AndroidManifest.xml:58:9-68:20
150            android:name="androidx.work.impl.background.systemalarm.ConstraintProxy$BatteryChargingProxy"
150-->[androidx.work:work-runtime:2.1.0] AndroidManifest.xml:59:13-106
151            android:directBootAware="false"
151-->[androidx.work:work-runtime:2.1.0] AndroidManifest.xml:60:13-44
152            android:enabled="false"
152-->[androidx.work:work-runtime:2.1.0] AndroidManifest.xml:61:13-36
153            android:exported="false" >
153-->[androidx.work:work-runtime:2.1.0] AndroidManifest.xml:62:13-37
154            <intent-filter>
154-->[androidx.work:work-runtime:2.1.0] AndroidManifest.xml:64:13-67:29
155                <action android:name="android.intent.action.ACTION_POWER_CONNECTED" />
155-->[androidx.work:work-runtime:2.1.0] AndroidManifest.xml:65:17-87
155-->[androidx.work:work-runtime:2.1.0] AndroidManifest.xml:65:25-84
156                <action android:name="android.intent.action.ACTION_POWER_DISCONNECTED" />
156-->[androidx.work:work-runtime:2.1.0] AndroidManifest.xml:66:17-90
156-->[androidx.work:work-runtime:2.1.0] AndroidManifest.xml:66:25-87
157            </intent-filter>
158        </receiver>
159        <receiver
159-->[androidx.work:work-runtime:2.1.0] AndroidManifest.xml:69:9-79:20
160            android:name="androidx.work.impl.background.systemalarm.ConstraintProxy$BatteryNotLowProxy"
160-->[androidx.work:work-runtime:2.1.0] AndroidManifest.xml:70:13-104
161            android:directBootAware="false"
161-->[androidx.work:work-runtime:2.1.0] AndroidManifest.xml:71:13-44
162            android:enabled="false"
162-->[androidx.work:work-runtime:2.1.0] AndroidManifest.xml:72:13-36
163            android:exported="false" >
163-->[androidx.work:work-runtime:2.1.0] AndroidManifest.xml:73:13-37
164            <intent-filter>
164-->[androidx.work:work-runtime:2.1.0] AndroidManifest.xml:75:13-78:29
165                <action android:name="android.intent.action.BATTERY_OKAY" />
165-->[androidx.work:work-runtime:2.1.0] AndroidManifest.xml:76:17-77
165-->[androidx.work:work-runtime:2.1.0] AndroidManifest.xml:76:25-74
166                <action android:name="android.intent.action.BATTERY_LOW" />
166-->[androidx.work:work-runtime:2.1.0] AndroidManifest.xml:77:17-76
166-->[androidx.work:work-runtime:2.1.0] AndroidManifest.xml:77:25-73
167            </intent-filter>
168        </receiver>
169        <receiver
169-->[androidx.work:work-runtime:2.1.0] AndroidManifest.xml:80:9-90:20
170            android:name="androidx.work.impl.background.systemalarm.ConstraintProxy$StorageNotLowProxy"
170-->[androidx.work:work-runtime:2.1.0] AndroidManifest.xml:81:13-104
171            android:directBootAware="false"
171-->[androidx.work:work-runtime:2.1.0] AndroidManifest.xml:82:13-44
172            android:enabled="false"
172-->[androidx.work:work-runtime:2.1.0] AndroidManifest.xml:83:13-36
173            android:exported="false" >
173-->[androidx.work:work-runtime:2.1.0] AndroidManifest.xml:84:13-37
174            <intent-filter>
174-->[androidx.work:work-runtime:2.1.0] AndroidManifest.xml:86:13-89:29
175                <action android:name="android.intent.action.DEVICE_STORAGE_LOW" />
175-->[androidx.work:work-runtime:2.1.0] AndroidManifest.xml:87:17-83
175-->[androidx.work:work-runtime:2.1.0] AndroidManifest.xml:87:25-80
176                <action android:name="android.intent.action.DEVICE_STORAGE_OK" />
176-->[androidx.work:work-runtime:2.1.0] AndroidManifest.xml:88:17-82
176-->[androidx.work:work-runtime:2.1.0] AndroidManifest.xml:88:25-79
177            </intent-filter>
178        </receiver>
179        <receiver
179-->[androidx.work:work-runtime:2.1.0] AndroidManifest.xml:91:9-100:20
180            android:name="androidx.work.impl.background.systemalarm.ConstraintProxy$NetworkStateProxy"
180-->[androidx.work:work-runtime:2.1.0] AndroidManifest.xml:92:13-103
181            android:directBootAware="false"
181-->[androidx.work:work-runtime:2.1.0] AndroidManifest.xml:93:13-44
182            android:enabled="false"
182-->[androidx.work:work-runtime:2.1.0] AndroidManifest.xml:94:13-36
183            android:exported="false" >
183-->[androidx.work:work-runtime:2.1.0] AndroidManifest.xml:95:13-37
184            <intent-filter>
184-->[androidx.work:work-runtime:2.1.0] AndroidManifest.xml:97:13-99:29
185                <action android:name="android.net.conn.CONNECTIVITY_CHANGE" />
185-->[androidx.work:work-runtime:2.1.0] AndroidManifest.xml:98:17-79
185-->[androidx.work:work-runtime:2.1.0] AndroidManifest.xml:98:25-76
186            </intent-filter>
187        </receiver>
188        <receiver
188-->[androidx.work:work-runtime:2.1.0] AndroidManifest.xml:101:9-112:20
189            android:name="androidx.work.impl.background.systemalarm.RescheduleReceiver"
189-->[androidx.work:work-runtime:2.1.0] AndroidManifest.xml:102:13-88
190            android:directBootAware="false"
190-->[androidx.work:work-runtime:2.1.0] AndroidManifest.xml:103:13-44
191            android:enabled="false"
191-->[androidx.work:work-runtime:2.1.0] AndroidManifest.xml:104:13-36
192            android:exported="false" >
192-->[androidx.work:work-runtime:2.1.0] AndroidManifest.xml:105:13-37
193            <intent-filter>
193-->[androidx.work:work-runtime:2.1.0] AndroidManifest.xml:107:13-111:29
194                <action android:name="android.intent.action.BOOT_COMPLETED" />
194-->[androidx.work:work-runtime:2.1.0] AndroidManifest.xml:108:17-79
194-->[androidx.work:work-runtime:2.1.0] AndroidManifest.xml:108:25-76
195                <action android:name="android.intent.action.TIME_SET" />
195-->[androidx.work:work-runtime:2.1.0] AndroidManifest.xml:109:17-73
195-->[androidx.work:work-runtime:2.1.0] AndroidManifest.xml:109:25-70
196                <action android:name="android.intent.action.TIMEZONE_CHANGED" />
196-->[androidx.work:work-runtime:2.1.0] AndroidManifest.xml:110:17-81
196-->[androidx.work:work-runtime:2.1.0] AndroidManifest.xml:110:25-78
197            </intent-filter>
198        </receiver>
199        <receiver
199-->[androidx.work:work-runtime:2.1.0] AndroidManifest.xml:113:9-122:20
200            android:name="androidx.work.impl.background.systemalarm.ConstraintProxyUpdateReceiver"
200-->[androidx.work:work-runtime:2.1.0] AndroidManifest.xml:114:13-99
201            android:directBootAware="false"
201-->[androidx.work:work-runtime:2.1.0] AndroidManifest.xml:115:13-44
202            android:enabled="@bool/enable_system_alarm_service_default"
202-->[androidx.work:work-runtime:2.1.0] AndroidManifest.xml:116:13-72
203            android:exported="false" >
203-->[androidx.work:work-runtime:2.1.0] AndroidManifest.xml:117:13-37
204            <intent-filter>
204-->[androidx.work:work-runtime:2.1.0] AndroidManifest.xml:119:13-121:29
205                <action android:name="androidx.work.impl.background.systemalarm.UpdateProxies" />
205-->[androidx.work:work-runtime:2.1.0] AndroidManifest.xml:120:17-98
205-->[androidx.work:work-runtime:2.1.0] AndroidManifest.xml:120:25-95
206            </intent-filter>
207        </receiver>
208
209        <service
209-->[androidx.room:room-runtime:2.1.0] AndroidManifest.xml:25:9-27:40
210            android:name="androidx.room.MultiInstanceInvalidationService"
210-->[androidx.room:room-runtime:2.1.0] AndroidManifest.xml:26:13-74
211            android:exported="false" />
211-->[androidx.room:room-runtime:2.1.0] AndroidManifest.xml:27:13-37
212    </application>
213
214</manifest>